Build started 18-11-2014 15:11:14.
     1>Project "C:\Users\SSJ\documents\visual studio 2013\Projects\SchoolAttendanceSystem\SchoolAttendanceSystem\SchoolAttendanceSystem.vcxproj" on node 2 (Build target(s)).
     1>ClCompile:
         C:\Program Files (x86)\Microsoft Visual Studio 12.0\VC\bin\CL.exe /c /ZI /nologo /W3 /WX- /sdl /Od /Oy- /D WIN32 /D _WINDOWS /D _DEBUG /D _UNICODE /D UNICODE /D _AFXDLL /Gm /EHsc /RTC1 /MDd /GS /fp:precise /Zc:wchar_t /Zc:forScope /Yu"stdafx.h" /Fp"Debug\SchoolAttendanceSystem.pch" /Fo"Debug\\" /Fd"Debug\vc120.pdb" /Gd /TP /analyze- /errorReport:prompt SchoolAttendanceSystemDlg.cpp
         SchoolAttendanceSystemDlg.cpp
       Link:
         C:\Program Files (x86)\Microsoft Visual Studio 12.0\VC\bin\link.exe /ERRORREPORT:PROMPT /OUT:"C:\Users\SSJ\documents\visual studio 2013\Projects\SchoolAttendanceSystem\Debug\SchoolAttendanceSystem.exe" /INCREMENTAL /NOLOGO /MANIFEST /MANIFESTUAC:"level='asInvoker' uiAccess='false'" /manifest:embed /manifestinput:"C:\Program Files (x86)\Microsoft Visual Studio 12.0\VC\Include\Manifest\dpiaware.manifest" /DEBUG /PDB:"C:\Users\SSJ\documents\visual studio 2013\Projects\SchoolAttendanceSystem\Debug\SchoolAttendanceSystem.pdb" /SUBSYSTEM:WINDOWS /TLBID:1 /ENTRY:"wWinMainCRTStartup" /DYNAMICBASE /NXCOMPAT /IMPLIB:"C:\Users\SSJ\documents\visual studio 2013\Projects\SchoolAttendanceSystem\Debug\SchoolAttendanceSystem.lib" /MACHINE:X86 Debug\SchoolAttendanceSystem.res
         Debug\AddStaff.obj
         Debug\AddStudent.obj
         Debug\AddSubject.obj
         Debug\AdminPanel.obj
         Debug\CheckAttendance.obj
         Debug\IncorrectPass.obj
         Debug\MangeAttendance.obj
         Debug\SchoolAttendanceSystem.obj
         Debug\SchoolAttendanceSystemDlg.obj
         Debug\StaffMenu.obj
         Debug\stdafx.obj
         Debug\studentInfo.obj
         Debug\ViewAttendance.obj
         SchoolAttendanceSystem.vcxproj -> C:\Users\SSJ\documents\visual studio 2013\Projects\SchoolAttendanceSystem\Debug\SchoolAttendanceSystem.exe
     1>Done Building Project "C:\Users\SSJ\documents\visual studio 2013\Projects\SchoolAttendanceSystem\SchoolAttendanceSystem\SchoolAttendanceSystem.vcxproj" (Build target(s)).

Build succeeded.

Time Elapsed 00:00:01.34
